781	0	1	0	0	0	images/781.jpg	
645	0	1	0	0	0	images/645.jpg	
1903	0	0	0	0	1	images/1903.jpg	
256	1	0	0	0	0	images/256.jpg	
100	1	0	0	1	0	images/100.jpg	
177	1	0	0	0	1	images/177.jpg	
995	0	0	1	0	0	images/995.jpg	
856	0	0	1	0	0	images/856.jpg	
1852	0	0	0	0	1	images/1852.jpg	
39	1	0	0	0	0	images/39.jpg	
592	0	1	0	0	1	images/592.jpg	
36	1	0	0	0	0	images/36.jpg	
1144	0	0	1	1	0	images/1144.jpg	
1121	0	0	1	0	0	images/1121.jpg	
1962	0	0	0	0	1	images/1962.jpg	
350	1	0	0	0	0	images/350.jpg	
1432	0	0	0	1	0	images/1432.jpg	
1022	0	0	1	0	0	images/1022.jpg	
465	0	1	0	0	0	images/465.jpg	
1326	0	0	0	1	0	images/1326.jpg	
941	0	0	1	0	0	images/941.jpg	
1596	0	0	1	1	0	images/1596.jpg	
1382	1	0	0	1	1	images/1382.jpg	
1794	0	0	0	0	1	images/1794.jpg	
1587	0	0	0	1	0	images/1587.jpg	
830	0	0	1	0	0	images/830.jpg	
1038	0	0	1	0	0	images/1038.jpg	
1059	0	0	1	0	0	images/1059.jpg	
1764	0	0	0	0	1	images/1764.jpg	
410	0	1	0	0	0	images/410.jpg	
1288	0	0	0	1	0	images/1288.jpg	
3	1	0	0	0	0	images/3.jpg	
1112	0	0	1	0	0	images/1112.jpg	
149	1	0	0	0	0	images/149.jpg	
1243	0	0	1	1	0	images/1243.jpg	
578	0	1	0	0	1	images/578.jpg	
1341	0	0	0	1	0	images/1341.jpg	
285	1	1	0	0	0	images/285.jpg	
1869	0	0	0	0	1	images/1869.jpg	
446	0	1	0	0	0	images/446.jpg	
1571	0	0	0	1	0	images/1571.jpg	
886	0	0	1	0	0	images/886.jpg	
1338	0	0	1	1	0	images/1338.jpg	
564	0	1	0	0	0	images/564.jpg	
1576	0	0	0	1	0	images/1576.jpg	
268	1	0	0	0	0	images/268.jpg	
1990	0	0	0	0	1	images/1990.jpg	
1097	0	0	1	0	1	images/1097.jpg	
750	0	1	0	0	0	images/750.jpg	
1761	0	0	0	0	1	images/1761.jpg	
1603	0	0	0	0	1	images/1603.jpg	
767	0	1	0	0	0	images/767.jpg	
1313	0	0	0	1	0	images/1313.jpg	
584	0	1	0	0	0	images/584.jpg	
973	0	0	1	0	0	images/973.jpg	
1575	0	0	1	1	0	images/1575.jpg	
138	1	0	0	0	0	images/138.jpg	
1825	0	0	0	0	1	images/1825.jpg	
719	0	1	0	0	1	images/719.jpg	
1716	0	0	0	0	1	images/1716.jpg	
72	1	0	0	0	0	images/72.jpg	
1730	0	0	0	0	1	images/1730.jpg	
209	1	0	0	0	0	images/209.jpg	
1062	0	0	1	0	0	images/1062.jpg	
1312	0	0	0	1	0	images/1312.jpg	
1993	0	0	0	0	1	images/1993.jpg	
885	0	0	1	0	0	images/885.jpg	
1592	0	0	0	1	0	images/1592.jpg	
1599	0	0	1	1	0	images/1599.jpg	
1133	0	0	1	0	0	images/1133.jpg	
1920	0	0	0	0	1	images/1920.jpg	
823	0	0	1	0	0	images/823.jpg	
1537	0	0	0	1	0	images/1537.jpg	
1690	0	0	0	0	1	images/1690.jpg	
97	1	0	0	0	0	images/97.jpg	
1058	0	0	1	0	0	images/1058.jpg	
731	0	1	0	0	0	images/731.jpg	
780	0	1	0	0	0	images/780.jpg	
866	0	0	1	0	0	images/866.jpg	
686	0	1	1	0	1	images/686.jpg	
865	0	0	1	1	0	images/865.jpg	
892	0	0	1	0	0	images/892.jpg	
1762	0	1	0	0	1	images/1762.jpg	
735	0	1	0	0	0	images/735.jpg	
718	0	1	0	1	0	images/718.jpg	
242	1	0	0	0	0	images/242.jpg	
723	0	1	1	0	0	images/723.jpg	
1831	0	0	0	0	1	images/1831.jpg	
1441	0	0	0	1	0	images/1441.jpg	
1056	0	0	1	0	0	images/1056.jpg	
1840	0	0	0	0	1	images/1840.jpg	
639	0	1	0	0	1	images/639.jpg	
1501	0	0	0	1	0	images/1501.jpg	
937	0	0	1	0	0	images/937.jpg	
880	0	0	1	0	0	images/880.jpg	
1992	0	0	1	0	1	images/1992.jpg	
1741	0	0	0	0	1	images/1741.jpg	
245	1	0	0	0	0	images/245.jpg	
1050	0	0	1	0	0	images/1050.jpg	
1457	0	0	0	1	0	images/1457.jpg	
1394	1	0	0	1	0	images/1394.jpg	
1430	0	0	0	1	0	images/1430.jpg	
878	0	0	1	1	0	images/878.jpg	
1013	0	0	1	0	0	images/1013.jpg	
353	1	0	0	0	0	images/353.jpg	
108	1	0	0	1	0	images/108.jpg	
1255	0	0	0	1	0	images/1255.jpg	
1503	0	1	0	1	0	images/1503.jpg	
1422	0	0	1	1	0	images/1422.jpg	
456	0	1	0	0	0	images/456.jpg	
747	0	1	0	0	0	images/747.jpg	
1679	0	0	0	0	1	images/1679.jpg	
412	0	1	0	0	0	images/412.jpg	
800	0	1	0	0	0	images/800.jpg	
903	0	0	1	0	0	images/903.jpg	
59	1	0	0	0	1	images/59.jpg	
336	1	0	0	0	0	images/336.jpg	
510	0	1	0	0	0	images/510.jpg	
1416	0	0	0	1	0	images/1416.jpg	
1688	0	0	0	0	1	images/1688.jpg	
1201	0	0	0	1	0	images/1201.jpg	
1095	0	0	1	0	0	images/1095.jpg	
1838	0	1	0	0	1	images/1838.jpg	
1052	0	0	1	0	0	images/1052.jpg	
422	0	1	0	0	0	images/422.jpg	
363	1	0	0	1	0	images/363.jpg	
1887	0	0	0	0	1	images/1887.jpg	
979	0	0	1	0	0	images/979.jpg	
1932	0	1	0	0	1	images/1932.jpg	
1937	0	0	0	0	1	images/1937.jpg	
1275	0	0	1	1	0	images/1275.jpg	
308	1	0	0	0	0	images/308.jpg	
1154	0	0	1	0	0	images/1154.jpg	
1813	0	0	0	0	1	images/1813.jpg	
1366	0	0	0	1	1	images/1366.jpg	
180	1	0	0	0	0	images/180.jpg	
1867	0	0	0	0	1	images/1867.jpg	
728	0	1	0	0	1	images/728.jpg	
1411	0	0	1	1	0	images/1411.jpg	
939	0	0	1	0	0	images/939.jpg	
1785	0	0	0	0	1	images/1785.jpg	
1675	0	0	0	0	1	images/1675.jpg	
1950	0	0	0	0	1	images/1950.jpg	
1940	0	0	0	0	1	images/1940.jpg	
849	0	0	1	0	0	images/849.jpg	
679	0	1	0	0	1	images/679.jpg	
155	1	0	0	0	0	images/155.jpg	
1135	0	0	1	0	0	images/1135.jpg	
1655	0	0	0	0	1	images/1655.jpg	
1176	0	0	1	0	0	images/1176.jpg	
1054	0	0	1	0	0	images/1054.jpg	
499	0	1	0	0	0	images/499.jpg	
1919	0	0	0	0	1	images/1919.jpg	
1066	0	0	1	0	1	images/1066.jpg	
1344	0	0	0	1	0	images/1344.jpg	
1976	0	0	0	0	1	images/1976.jpg	
1767	0	0	0	0	1	images/1767.jpg	
263	1	0	0	0	0	images/263.jpg	
724	0	1	0	0	0	images/724.jpg	
1374	0	0	1	1	0	images/1374.jpg	
1258	0	0	0	1	0	images/1258.jpg	
1300	0	1	0	1	1	images/1300.jpg	
1082	0	0	1	0	0	images/1082.jpg	
385	1	0	0	0	0	images/385.jpg	
1263	0	0	1	1	0	images/1263.jpg	
708	0	1	0	0	1	images/708.jpg	
879	0	0	1	0	0	images/879.jpg	
216	1	0	0	0	0	images/216.jpg	
741	0	1	0	0	0	images/741.jpg	
261	1	0	0	0	0	images/261.jpg	
1681	0	0	0	0	1	images/1681.jpg	
1078	0	0	1	0	0	images/1078.jpg	
560	0	1	0	0	0	images/560.jpg	
546	0	1	0	0	0	images/546.jpg	
178	1	0	0	0	0	images/178.jpg	
1468	0	0	0	1	0	images/1468.jpg	
1061	0	0	1	0	0	images/1061.jpg	
691	0	1	0	0	1	images/691.jpg	
966	0	0	1	0	0	images/966.jpg	
1308	0	0	1	1	0	images/1308.jpg	
1064	0	0	1	0	0	images/1064.jpg	
423	0	1	0	0	0	images/423.jpg	
1833	0	0	0	0	1	images/1833.jpg	
1619	0	0	0	0	1	images/1619.jpg	
1492	0	0	1	1	0	images/1492.jpg	
1400	0	0	1	1	0	images/1400.jpg	
1526	0	0	0	1	0	images/1526.jpg	
301	1	0	0	0	0	images/301.jpg	
1347	0	0	0	1	0	images/1347.jpg	
227	1	0	0	0	0	images/227.jpg	
1743	0	0	0	0	1	images/1743.jpg	
1915	0	1	0	0	1	images/1915.jpg	
1046	0	0	1	0	0	images/1046.jpg	
585	0	1	0	0	0	images/585.jpg	
274	1	0	0	0	0	images/274.jpg	
1577	0	0	0	1	0	images/1577.jpg	
110	1	0	0	0	0	images/110.jpg	
1057	0	0	1	0	0	images/1057.jpg	
9	1	0	0	0	0	images/9.jpg	
234	1	0	0	0	0	images/234.jpg	
1281	0	0	0	1	0	images/1281.jpg	
1393	0	0	0	1	0	images/1393.jpg	
1845	0	0	0	0	1	images/1845.jpg	
220	1	0	0	0	0	images/220.jpg	
1790	0	0	0	0	1	images/1790.jpg	
1474	0	0	0	1	0	images/1474.jpg	
1941	0	0	0	0	1	images/1941.jpg	
1024	0	0	1	0	0	images/1024.jpg	
969	0	0	1	0	0	images/969.jpg	
717	0	1	0	0	0	images/717.jpg	
1494	0	0	1	1	0	images/1494.jpg	
464	0	1	0	0	0	images/464.jpg	
537	0	1	0	0	0	images/537.jpg	
1521	0	0	0	1	0	images/1521.jpg	
427	0	1	1	0	0	images/427.jpg	
1311	0	1	0	1	0	images/1311.jpg	
1921	0	0	0	0	1	images/1921.jpg	
1829	0	0	0	0	1	images/1829.jpg	
1391	0	0	1	1	0	images/1391.jpg	
445	0	1	0	0	0	images/445.jpg	
1850	0	0	0	0	1	images/1850.jpg	
542	0	1	0	0	0	images/542.jpg	
1209	0	0	0	1	0	images/1209.jpg	
583	0	1	0	0	0	images/583.jpg	
303	1	0	0	0	0	images/303.jpg	
991	0	0	1	0	0	images/991.jpg	
701	0	1	0	0	1	images/701.jpg	
16	1	0	0	0	0	images/16.jpg	
134	1	0	0	0	0	images/134.jpg	
1970	0	0	0	0	1	images/1970.jpg	
772	0	1	0	0	1	images/772.jpg	
65	1	0	0	1	0	images/65.jpg	
662	0	1	0	0	1	images/662.jpg	
896	0	0	1	0	0	images/896.jpg	
776	0	1	0	0	0	images/776.jpg	
1922	0	0	0	0	1	images/1922.jpg	
1694	0	0	0	0	1	images/1694.jpg	
1232	0	0	0	1	0	images/1232.jpg	
752	0	1	0	0	0	images/752.jpg	
1848	0	0	0	0	1	images/1848.jpg	
1804	0	0	0	0	1	images/1804.jpg	
1513	0	0	0	1	0	images/1513.jpg	
1002	0	0	1	0	0	images/1002.jpg	
1437	0	0	0	1	0	images/1437.jpg	
1821	0	0	0	0	1	images/1821.jpg	
981	0	0	1	0	0	images/981.jpg	
611	0	1	0	0	0	images/611.jpg	
551	0	1	0	0	1	images/551.jpg	
1194	0	0	1	0	0	images/1194.jpg	
174	1	0	0	0	0	images/174.jpg	
1173	0	0	1	0	0	images/1173.jpg	
1107	0	0	1	0	0	images/1107.jpg	
783	0	1	0	0	0	images/783.jpg	
1701	0	0	0	0	1	images/1701.jpg	
968	0	0	1	0	0	images/968.jpg	
987	0	0	1	0	0	images/987.jpg	
408	0	1	0	0	0	images/408.jpg	
1561	0	0	0	1	0	images/1561.jpg	
79	1	0	0	0	0	images/79.jpg	
13	1	0	0	0	0	images/13.jpg	
1417	0	0	0	1	0	images/1417.jpg	
1392	0	0	1	1	0	images/1392.jpg	
1223	0	0	1	1	0	images/1223.jpg	
1542	0	0	0	1	0	images/1542.jpg	
127	1	0	0	0	0	images/127.jpg	
934	0	0	1	0	0	images/934.jpg	
442	0	1	0	0	0	images/442.jpg	
652	0	1	0	0	1	images/652.jpg	
1085	0	0	1	0	0	images/1085.jpg	
1290	0	0	0	1	0	images/1290.jpg	
643	0	1	0	0	1	images/643.jpg	
1801	0	0	0	0	1	images/1801.jpg	
626	0	1	1	0	0	images/626.jpg	
618	0	1	0	0	0	images/618.jpg	
516	0	1	0	0	0	images/516.jpg	
1511	0	0	1	1	0	images/1511.jpg	
232	1	0	0	0	1	images/232.jpg	
826	0	0	1	0	0	images/826.jpg	
494	0	1	0	0	0	images/494.jpg	
126	1	0	0	0	0	images/126.jpg	
1652	0	0	0	0	1	images/1652.jpg	
556	0	1	0	0	0	images/556.jpg	
1525	0	0	0	1	0	images/1525.jpg	
107	1	0	0	0	0	images/107.jpg	
315	1	0	0	0	0	images/315.jpg	
779	0	1	0	0	0	images/779.jpg	
346	1	0	0	0	0	images/346.jpg	
1643	0	0	0	0	1	images/1643.jpg	
188	1	0	0	0	0	images/188.jpg	
1884	0	0	0	0	1	images/1884.jpg	
1868	0	0	0	0	1	images/1868.jpg	
1296	0	0	0	1	1	images/1296.jpg	
1076	0	0	1	0	1	images/1076.jpg	
1183	0	0	1	0	1	images/1183.jpg	
378	1	0	0	0	0	images/378.jpg	
1328	0	0	1	1	0	images/1328.jpg	
1336	0	0	0	1	0	images/1336.jpg	
1651	0	0	0	0	1	images/1651.jpg	
1238	0	0	0	1	0	images/1238.jpg	
925	0	0	1	0	0	images/925.jpg	
71	1	0	0	0	0	images/71.jpg	
358	1	0	1	0	0	images/358.jpg	
1195	0	0	1	0	0	images/1195.jpg	
543	0	1	0	0	0	images/543.jpg	
1574	0	0	1	1	0	images/1574.jpg	
1609	0	0	0	0	1	images/1609.jpg	
1241	0	0	1	1	0	images/1241.jpg	
1808	0	0	0	0	1	images/1808.jpg	
1631	0	0	0	0	1	images/1631.jpg	
1037	0	0	1	0	0	images/1037.jpg	
1799	0	0	0	0	1	images/1799.jpg	
1045	0	0	1	0	0	images/1045.jpg	
1343	0	1	0	1	0	images/1343.jpg	
1926	0	0	0	0	1	images/1926.jpg	
1001	0	0	1	0	0	images/1001.jpg	
982	0	0	1	0	0	images/982.jpg	
1090	0	0	1	0	0	images/1090.jpg	
486	0	1	0	0	1	images/486.jpg	
286	1	0	0	0	0	images/286.jpg	
874	0	0	1	1	0	images/874.jpg	
347	1	0	0	0	0	images/347.jpg	
1131	0	0	1	0	0	images/1131.jpg	
809	0	1	1	0	0	images/809.jpg	
78	1	0	0	0	0	images/78.jpg	
1565	0	0	0	1	0	images/1565.jpg	
671	0	1	0	0	1	images/671.jpg	
109	1	0	0	0	0	images/109.jpg	
196	1	0	0	0	0	images/196.jpg	
365	1	0	0	0	0	images/365.jpg	
1888	0	0	0	0	1	images/1888.jpg	
70	1	0	0	1	0	images/70.jpg	
712	0	1	0	0	0	images/712.jpg	
1108	0	0	1	1	0	images/1108.jpg	
32	1	0	0	0	1	images/32.jpg	
1403	0	0	0	1	0	images/1403.jpg	
1590	0	0	1	1	0	images/1590.jpg	
978	0	0	1	0	0	images/978.jpg	
663	0	1	0	0	1	images/663.jpg	
837	0	0	1	0	0	images/837.jpg	
654	0	1	0	0	1	images/654.jpg	
329	1	0	0	0	0	images/329.jpg	
279	1	0	0	0	0	images/279.jpg	
1693	0	0	0	0	1	images/1693.jpg	
1192	0	0	1	0	0	images/1192.jpg	
1522	0	0	0	1	0	images/1522.jpg	
999	0	0	1	0	0	images/999.jpg	
623	0	1	0	0	1	images/623.jpg	
1595	0	0	0	1	1	images/1595.jpg	
1319	0	0	0	1	0	images/1319.jpg	
1814	0	0	0	0	1	images/1814.jpg	
616	0	1	1	0	0	images/616.jpg	
154	1	0	0	0	0	images/154.jpg	
1237	0	0	0	1	0	images/1237.jpg	
929	0	0	1	0	0	images/929.jpg	
1396	0	0	0	1	0	images/1396.jpg	
146	1	0	0	0	0	images/146.jpg	
360	1	0	0	0	0	images/360.jpg	
15	1	0	0	0	0	images/15.jpg	
1280	0	0	1	1	1	images/1280.jpg	
1736	0	0	0	0	1	images/1736.jpg	
1220	0	0	0	1	0	images/1220.jpg	
1823	0	0	0	0	1	images/1823.jpg	
742	0	1	0	0	0	images/742.jpg	
1187	0	0	1	0	0	images/1187.jpg	
646	0	1	0	0	1	images/646.jpg	
648	0	1	0	0	1	images/648.jpg	
1745	0	0	0	0	1	images/1745.jpg	
1247	0	0	1	1	0	images/1247.jpg	
1	1	0	0	0	0	images/1.jpg	
462	0	1	0	0	0	images/462.jpg	
1023	0	0	1	0	0	images/1023.jpg	
162	1	0	0	0	0	images/162.jpg	
34	1	0	0	0	0	images/34.jpg	
1649	0	0	0	0	1	images/1649.jpg	
1928	0	0	0	0	1	images/1928.jpg	
1600	0	0	1	1	0	images/1600.jpg	
92	1	0	0	0	0	images/92.jpg	
1738	0	0	0	0	1	images/1738.jpg	
402	0	1	0	0	0	images/402.jpg	
569	0	1	0	0	0	images/569.jpg	
400	1	0	0	0	0	images/400.jpg	
764	0	1	0	0	1	images/764.jpg	
1482	0	0	0	1	0	images/1482.jpg	
573	0	1	0	0	1	images/573.jpg	
1188	0	0	1	1	0	images/1188.jpg	
7	1	1	0	0	0	images/7.jpg	
165	1	0	0	0	0	images/165.jpg	
1772	0	1	0	0	1	images/1772.jpg	
1277	0	0	1	1	0	images/1277.jpg	
785	0	1	0	0	0	images/785.jpg	
275	1	0	0	0	0	images/275.jpg	
284	1	0	0	0	0	images/284.jpg	
853	0	0	1	0	0	images/853.jpg	
1826	0	0	0	0	1	images/1826.jpg	
1334	0	0	1	1	0	images/1334.jpg	
12	1	0	0	0	0	images/12.jpg	
483	0	1	0	0	1	images/483.jpg	
11	1	0	0	0	0	images/11.jpg	
432	0	1	1	0	0	images/432.jpg	
1461	0	0	0	1	0	images/1461.jpg	
521	0	1	0	0	0	images/521.jpg	
511	0	1	0	0	0	images/511.jpg	
1378	0	0	1	1	0	images/1378.jpg	
832	0	0	1	0	0	images/832.jpg	
418	0	1	1	0	0	images/418.jpg	
631	0	1	0	0	1	images/631.jpg	
1664	0	0	0	0	1	images/1664.jpg	
144	1	0	0	0	0	images/144.jpg	
414	0	1	0	0	0	images/414.jpg	
803	0	0	1	0	0	images/803.jpg	
1371	0	1	0	1	0	images/1371.jpg	
354	1	0	0	0	0	images/354.jpg	
921	0	0	1	0	0	images/921.jpg	
605	0	1	0	0	0	images/605.jpg	
1581	0	0	0	1	0	images/1581.jpg	
81	1	0	0	0	0	images/81.jpg	
54	1	1	0	0	0	images/54.jpg	
1644	0	0	0	0	1	images/1644.jpg	
1388	0	0	0	1	0	images/1388.jpg	
371	1	0	0	0	0	images/371.jpg	
1443	0	0	0	1	0	images/1443.jpg	
337	1	0	0	1	0	images/337.jpg	
376	1	0	0	0	0	images/376.jpg	
150	1	0	0	0	0	images/150.jpg	
1550	0	0	1	1	0	images/1550.jpg	
529	0	1	0	0	0	images/529.jpg	
1996	0	0	0	0	1	images/1996.jpg	
734	0	1	0	0	0	images/734.jpg	
757	0	1	0	0	0	images/757.jpg	
864	0	0	1	0	0	images/864.jpg	
1079	0	0	1	1	0	images/1079.jpg	
1012	0	0	1	0	0	images/1012.jpg	
1708	0	0	0	0	1	images/1708.jpg	
1471	0	0	1	1	0	images/1471.jpg	
1163	0	0	1	1	0	images/1163.jpg	
1354	0	0	0	1	0	images/1354.jpg	
1043	0	0	1	0	0	images/1043.jpg	
394	1	0	0	0	0	images/394.jpg	
1914	0	1	0	0	1	images/1914.jpg	
143	1	0	0	0	0	images/143.jpg	
699	0	1	0	0	1	images/699.jpg	
1686	0	0	0	0	1	images/1686.jpg	
1529	0	0	0	1	0	images/1529.jpg	
1454	0	0	1	1	0	images/1454.jpg	
1455	0	0	1	1	0	images/1455.jpg	
914	0	0	1	0	0	images/914.jpg	
265	1	0	0	0	0	images/265.jpg	
586	0	1	0	0	0	images/586.jpg	
1935	0	1	0	0	1	images/1935.jpg	
1580	0	0	1	1	0	images/1580.jpg	
1165	0	0	1	0	0	images/1165.jpg	
975	0	0	1	0	0	images/975.jpg	
1210	0	0	0	1	0	images/1210.jpg	
187	1	0	0	0	0	images/187.jpg	
1943	0	0	0	0	1	images/1943.jpg	
133	1	0	0	0	0	images/133.jpg	
1865	0	0	0	0	1	images/1865.jpg	
816	0	0	1	0	0	images/816.jpg	
692	0	1	0	0	1	images/692.jpg	
123	1	0	0	0	0	images/123.jpg	
877	0	0	1	1	0	images/877.jpg	
1780	0	0	0	0	1	images/1780.jpg	
842	0	0	1	0	0	images/842.jpg	
1368	0	0	0	1	0	images/1368.jpg	
668	0	1	0	0	0	images/668.jpg	
1466	0	0	0	1	0	images/1466.jpg	
958	0	0	1	0	0	images/958.jpg	
881	0	0	1	0	0	images/881.jpg	
1870	0	0	0	0	1	images/1870.jpg	
1383	0	0	0	1	0	images/1383.jpg	
1447	0	0	1	1	0	images/1447.jpg	
1541	0	0	1	1	0	images/1541.jpg	
1301	0	1	0	1	0	images/1301.jpg	
343	1	0	0	0	0	images/343.jpg	
1721	0	0	0	0	1	images/1721.jpg	
1957	0	0	0	0	1	images/1957.jpg	
638	0	1	0	0	1	images/638.jpg	
369	1	0	0	0	0	images/369.jpg	
1656	0	0	0	0	1	images/1656.jpg	
622	0	1	0	0	0	images/622.jpg	
1778	0	0	0	0	1	images/1778.jpg	
911	0	0	1	0	0	images/911.jpg	
492	0	1	0	0	0	images/492.jpg	
1925	0	0	0	0	1	images/1925.jpg	
294	1	0	0	0	0	images/294.jpg	
659	0	1	0	0	1	images/659.jpg	
1351	0	0	0	1	1	images/1351.jpg	
382	1	0	0	0	0	images/382.jpg	
452	0	1	0	0	0	images/452.jpg	
792	0	1	1	0	0	images/792.jpg	
868	0	0	1	0	0	images/868.jpg	
1439	0	0	0	1	1	images/1439.jpg	
726	0	1	0	0	1	images/726.jpg	
287	1	0	0	0	0	images/287.jpg	
1134	0	0	1	0	0	images/1134.jpg	
1746	0	0	0	0	1	images/1746.jpg	
574	0	1	0	0	1	images/574.jpg	
1510	0	0	0	1	1	images/1510.jpg	
1189	0	0	1	0	0	images/1189.jpg	
1123	0	0	1	0	0	images/1123.jpg	
403	0	1	0	0	0	images/403.jpg	
918	0	0	1	0	0	images/918.jpg	
1516	0	1	0	1	0	images/1516.jpg	
77	1	0	0	0	0	images/77.jpg	
705	0	1	0	0	0	images/705.jpg	
498	0	1	0	0	0	images/498.jpg	
467	0	1	0	0	0	images/467.jpg	
1616	0	0	0	0	1	images/1616.jpg	
23	1	0	0	0	0	images/23.jpg	
850	0	0	1	0	0	images/850.jpg	
1547	0	0	0	1	0	images/1547.jpg	
526	0	1	0	0	1	images/526.jpg	
1088	0	0	1	1	0	images/1088.jpg	
1003	0	0	1	0	0	images/1003.jpg	
926	0	0	1	0	0	images/926.jpg	
1330	0	0	1	1	0	images/1330.jpg	
839	0	0	1	0	0	images/839.jpg	
1611	0	0	0	0	1	images/1611.jpg	
1725	0	0	0	0	1	images/1725.jpg	
1093	0	0	1	0	0	images/1093.jpg	
221	1	0	0	0	0	images/221.jpg	
1498	0	0	0	1	0	images/1498.jpg	
1602	0	0	0	0	1	images/1602.jpg	
1981	0	0	0	0	1	images/1981.jpg	
1051	0	0	1	0	0	images/1051.jpg	
1155	0	0	1	0	0	images/1155.jpg	
159	1	0	0	0	0	images/159.jpg	
500	0	1	0	0	0	images/500.jpg	
341	1	0	0	0	0	images/341.jpg	
778	0	1	0	0	0	images/778.jpg	
956	0	0	1	0	0	images/956.jpg	
811	0	0	1	0	0	images/811.jpg	
203	1	0	0	0	0	images/203.jpg	
835	0	0	1	0	0	images/835.jpg	
1359	0	0	1	1	0	images/1359.jpg	
38	1	0	0	0	1	images/38.jpg	
640	0	1	0	0	0	images/640.jpg	
1360	0	0	1	1	0	images/1360.jpg	
392	1	1	0	0	0	images/392.jpg	
1460	0	0	1	1	0	images/1460.jpg	
1824	0	0	0	0	1	images/1824.jpg	
716	0	1	1	0	0	images/716.jpg	
613	0	1	0	0	1	images/613.jpg	
93	1	0	0	0	0	images/93.jpg	
859	0	0	1	0	0	images/859.jpg	
2000	0	0	0	0	1	images/2000.jpg	
185	1	0	0	0	0	images/185.jpg	
1606	0	0	0	0	1	images/1606.jpg	
1570	0	0	0	1	0	images/1570.jpg	
322	1	0	0	0	0	images/322.jpg	
650	0	1	0	0	1	images/650.jpg	
84	1	0	0	0	0	images/84.jpg	
1339	0	0	0	1	0	images/1339.jpg	
1031	0	0	1	0	0	images/1031.jpg	
88	1	0	0	0	0	images/88.jpg	
326	1	0	0	0	0	images/326.jpg	
1991	0	0	0	0	1	images/1991.jpg	
632	0	1	0	0	1	images/632.jpg	
1055	0	0	1	1	0	images/1055.jpg	
171	1	0	0	0	0	images/171.jpg	
1036	0	0	1	0	0	images/1036.jpg	
580	0	1	0	0	0	images/580.jpg	
99	1	0	0	0	0	images/99.jpg	
420	0	1	1	0	0	images/420.jpg	
145	1	0	0	0	0	images/145.jpg	
1349	0	0	0	1	0	images/1349.jpg	
199	1	0	0	0	0	images/199.jpg	
744	0	1	0	0	0	images/744.jpg	
1496	0	0	1	1	0	images/1496.jpg	
1774	0	0	0	0	1	images/1774.jpg	
909	0	0	1	0	0	images/909.jpg	
373	1	0	0	0	0	images/373.jpg	
1286	0	0	1	1	0	images/1286.jpg	
293	1	0	0	0	0	images/293.jpg	
891	0	0	1	0	0	images/891.jpg	
1700	0	0	0	0	1	images/1700.jpg	
1219	0	0	0	1	1	images/1219.jpg	
14	1	0	0	0	0	images/14.jpg	
1458	0	0	0	1	0	images/1458.jpg	
815	0	0	1	0	0	images/815.jpg	
1222	0	0	0	1	0	images/1222.jpg	
1562	0	0	0	1	0	images/1562.jpg	
1782	0	0	0	0	1	images/1782.jpg	
637	0	1	0	0	1	images/637.jpg	
208	1	0	0	0	0	images/208.jpg	
789	0	1	0	0	0	images/789.jpg	
324	1	0	0	0	0	images/324.jpg	
1758	0	0	0	0	1	images/1758.jpg	
1499	0	0	1	1	0	images/1499.jpg	
1677	0	0	0	0	1	images/1677.jpg	
1104	0	0	1	0	0	images/1104.jpg	
1860	0	0	0	0	1	images/1860.jpg	
228	1	0	0	0	0	images/228.jpg	
519	0	1	0	0	0	images/519.jpg	
524	0	1	0	0	0	images/524.jpg	
565	0	1	0	0	0	images/565.jpg	
271	1	0	0	0	0	images/271.jpg	
1380	0	0	0	1	0	images/1380.jpg	
1613	0	0	0	0	1	images/1613.jpg	
1199	0	0	1	0	0	images/1199.jpg	
928	0	0	1	0	0	images/928.jpg	
1893	0	0	0	0	1	images/1893.jpg	
964	0	0	1	0	0	images/964.jpg	
182	1	0	0	0	0	images/182.jpg	
782	0	1	0	0	0	images/782.jpg	
756	0	1	0	0	0	images/756.jpg	
706	0	1	0	0	1	images/706.jpg	
763	0	1	0	0	0	images/763.jpg	
247	1	0	0	0	0	images/247.jpg	
130	1	0	0	0	0	images/130.jpg	
90	1	0	0	0	0	images/90.jpg	
338	1	0	0	0	0	images/338.jpg	
689	0	1	0	0	1	images/689.jpg	
713	0	1	0	0	0	images/713.jpg	
1810	0	0	0	0	1	images/1810.jpg	
1214	0	0	0	1	0	images/1214.jpg	
1362	0	0	0	1	0	images/1362.jpg	
1478	0	0	0	1	0	images/1478.jpg	
1880	0	0	0	0	1	images/1880.jpg	
788	0	1	1	0	0	images/788.jpg	
1646	0	0	0	0	1	images/1646.jpg	
58	1	0	0	1	0	images/58.jpg	
230	1	0	0	0	0	images/230.jpg	
1554	0	0	0	1	0	images/1554.jpg	
1878	0	0	0	0	1	images/1878.jpg	
1896	0	0	0	0	1	images/1896.jpg	
1084	0	0	1	0	0	images/1084.jpg	
1418	0	0	0	1	0	images/1418.jpg	
942	0	0	1	0	0	images/942.jpg	
1373	0	0	0	1	0	images/1373.jpg	
1744	0	0	0	0	1	images/1744.jpg	
1945	0	0	0	0	1	images/1945.jpg	
664	0	1	0	0	1	images/664.jpg	
1091	0	0	1	0	0	images/1091.jpg	
540	0	1	0	0	0	images/540.jpg	
291	1	0	0	0	0	images/291.jpg	
562	0	1	0	0	0	images/562.jpg	
318	1	0	0	0	0	images/318.jpg	
1519	0	0	0	1	0	images/1519.jpg	
437	0	1	0	0	0	images/437.jpg	
899	0	0	1	0	0	images/899.jpg	
1729	0	0	0	0	1	images/1729.jpg	
1249	0	0	1	1	0	images/1249.jpg	
597	0	1	0	0	0	images/597.jpg	
984	0	0	1	0	0	images/984.jpg	
359	1	0	0	0	0	images/359.jpg	
1756	0	0	0	0	1	images/1756.jpg	
867	0	0	1	0	0	images/867.jpg	
276	1	0	0	0	0	images/276.jpg	
116	1	0	0	0	0	images/116.jpg	
784	0	1	0	0	0	images/784.jpg	
1667	0	0	0	0	1	images/1667.jpg	
1952	0	0	0	0	1	images/1952.jpg	
806	0	0	1	0	0	images/806.jpg	
1958	0	0	0	0	1	images/1958.jpg	
367	1	0	0	0	0	images/367.jpg	
1591	0	0	0	1	0	images/1591.jpg	
1178	0	0	1	0	0	images/1178.jpg	
169	1	0	0	0	0	images/169.jpg	
787	0	1	0	0	0	images/787.jpg	
952	0	0	1	0	0	images/952.jpg	
1158	0	0	1	0	0	images/1158.jpg	
1157	0	0	1	1	0	images/1157.jpg	
1879	0	0	0	0	1	images/1879.jpg	
330	1	0	0	0	0	images/330.jpg	
368	1	0	0	0	0	images/368.jpg	
902	0	0	1	0	0	images/902.jpg	
994	0	0	1	0	0	images/994.jpg	
1625	0	0	0	0	1	images/1625.jpg	
1435	0	0	0	1	0	images/1435.jpg	
1638	0	0	0	0	1	images/1638.jpg	
164	1	0	0	0	0	images/164.jpg	
1965	0	0	0	0	1	images/1965.jpg	
1687	0	0	0	0	1	images/1687.jpg	
1306	0	0	0	1	0	images/1306.jpg	
1145	0	0	1	1	0	images/1145.jpg	
379	1	0	0	0	0	images/379.jpg	
940	0	0	1	0	0	images/940.jpg	
1847	0	0	0	0	1	images/1847.jpg	
1680	0	0	0	0	1	images/1680.jpg	
1964	0	0	0	0	1	images/1964.jpg	
1282	0	0	0	1	0	images/1282.jpg	
796	1	1	0	0	0	images/796.jpg	
29	1	0	0	0	0	images/29.jpg	
1861	0	0	0	0	1	images/1861.jpg	
817	0	0	1	0	0	images/817.jpg	
1629	0	0	0	0	1	images/1629.jpg	
820	0	0	1	0	0	images/820.jpg	
1216	0	0	0	1	1	images/1216.jpg	
1028	0	0	1	0	0	images/1028.jpg	
990	0	0	1	0	0	images/990.jpg	
563	0	1	0	0	0	images/563.jpg	
104	1	1	0	0	0	images/104.jpg	
534	0	1	0	0	0	images/534.jpg	
1555	0	0	0	1	0	images/1555.jpg	
938	0	0	1	0	0	images/938.jpg	
1316	0	0	1	1	0	images/1316.jpg	
923	0	0	1	0	0	images/923.jpg	
1370	0	0	1	1	0	images/1370.jpg	
1114	0	0	1	0	0	images/1114.jpg	
523	0	1	0	0	0	images/523.jpg	
448	0	1	0	0	0	images/448.jpg	
1751	0	0	0	0	1	images/1751.jpg	
1597	0	0	1	1	0	images/1597.jpg	
520	0	1	0	0	0	images/520.jpg	
1539	0	0	0	1	0	images/1539.jpg	
1234	0	0	1	1	0	images/1234.jpg	
1805	0	0	0	0	1	images/1805.jpg	
1462	0	0	1	1	0	images/1462.jpg	
1699	0	0	0	0	1	images/1699.jpg	
1538	0	0	0	1	0	images/1538.jpg	
612	0	1	0	0	1	images/612.jpg	
630	0	1	0	0	1	images/630.jpg	
983	0	0	1	0	0	images/983.jpg	
74	1	0	0	0	0	images/74.jpg	
474	0	1	1	0	0	images/474.jpg	
10	1	1	0	0	0	images/10.jpg	
931	0	0	1	0	0	images/931.jpg	
1757	0	0	0	0	1	images/1757.jpg	
508	0	1	0	0	1	images/508.jpg	
384	1	1	0	0	0	images/384.jpg	
959	0	0	1	0	0	images/959.jpg	
266	1	0	0	0	0	images/266.jpg	
151	1	0	0	0	1	images/151.jpg	
1139	0	0	1	0	0	images/1139.jpg	
1181	0	0	1	0	0	images/1181.jpg	
173	1	0	0	0	0	images/173.jpg	
340	1	0	0	0	0	images/340.jpg	
481	0	1	0	0	0	images/481.jpg	
571	0	1	0	0	0	images/571.jpg	
1502	0	1	0	1	0	images/1502.jpg	
1005	0	0	1	0	0	images/1005.jpg	
406	0	1	0	0	0	images/406.jpg	
1475	0	0	1	1	0	images/1475.jpg	
1556	0	0	0	1	0	images/1556.jpg	
24	1	0	0	0	1	images/24.jpg	
67	1	1	0	0	0	images/67.jpg	
1696	0	0	0	0	1	images/1696.jpg	
240	1	0	0	0	0	images/240.jpg	
1402	0	0	0	1	0	images/1402.jpg	
977	0	0	1	0	0	images/977.jpg	
417	0	1	0	0	0	images/417.jpg	
1653	0	0	0	0	1	images/1653.jpg	
559	0	1	0	0	0	images/559.jpg	
905	0	0	1	0	0	images/905.jpg	
1325	0	0	0	1	0	images/1325.jpg	
696	0	1	1	0	0	images/696.jpg	
1484	0	0	0	1	0	images/1484.jpg	
61	1	0	0	0	0	images/61.jpg	
924	0	0	1	0	0	images/924.jpg	
502	0	1	1	0	0	images/502.jpg	
1390	0	0	0	1	0	images/1390.jpg	
1264	0	0	1	1	0	images/1264.jpg	
1227	0	0	1	1	0	images/1227.jpg	
527	0	1	0	0	0	images/527.jpg	
714	0	1	0	0	0	images/714.jpg	
239	1	0	0	0	0	images/239.jpg	
1221	0	0	0	1	1	images/1221.jpg	
908	0	0	1	0	0	images/908.jpg	
1713	0	0	0	0	1	images/1713.jpg	
1684	0	0	0	0	1	images/1684.jpg	
1294	0	0	0	1	0	images/1294.jpg	
148	1	0	0	0	0	images/148.jpg	
102	1	1	0	0	0	images/102.jpg	
140	1	0	0	1	0	images/140.jpg	
1044	0	0	1	0	0	images/1044.jpg	
1369	0	0	0	1	0	images/1369.jpg	
1401	0	0	0	1	0	images/1401.jpg	
1822	0	0	0	0	1	images/1822.jpg	
1858	0	0	0	0	1	images/1858.jpg	
1924	0	0	0	0	1	images/1924.jpg	
775	0	1	0	0	0	images/775.jpg	
1972	0	0	0	0	1	images/1972.jpg	
1907	0	0	0	0	1	images/1907.jpg	
1851	0	0	0	0	1	images/1851.jpg	
1827	0	0	0	0	1	images/1827.jpg	
989	0	0	1	0	0	images/989.jpg	
1487	0	0	0	1	0	images/1487.jpg	
1075	0	0	1	0	0	images/1075.jpg	
1299	0	0	1	1	0	images/1299.jpg	
1557	0	0	1	1	0	images/1557.jpg	
600	0	1	0	0	0	images/600.jpg	
1698	1	0	0	0	1	images/1698.jpg	
1365	0	0	1	1	0	images/1365.jpg	
802	0	0	1	0	0	images/802.jpg	
873	0	0	1	0	0	images/873.jpg	
596	0	1	0	0	0	images/596.jpg	
1999	0	0	0	0	1	images/1999.jpg	
593	0	1	1	0	0	images/593.jpg	
855	0	0	1	0	0	images/855.jpg	
1137	0	0	1	0	0	images/1137.jpg	
669	0	1	0	1	0	images/669.jpg	
777	0	1	0	0	0	images/777.jpg	
139	1	0	0	1	0	images/139.jpg	
1410	0	0	1	1	0	images/1410.jpg	
20	1	0	0	0	0	images/20.jpg	
1697	0	0	0	0	1	images/1697.jpg	
1754	0	0	0	0	1	images/1754.jpg	
269	1	0	0	0	0	images/269.jpg	
1452	0	0	1	1	0	images/1452.jpg	
1464	0	0	0	1	0	images/1464.jpg	
955	0	0	1	0	0	images/955.jpg	
1174	0	0	1	0	0	images/1174.jpg	
833	0	0	1	0	0	images/833.jpg	
1110	0	0	1	0	0	images/1110.jpg	
224	1	0	0	0	0	images/224.jpg	
1274	0	0	1	1	0	images/1274.jpg	
863	0	0	1	0	0	images/863.jpg	
1235	0	0	0	1	0	images/1235.jpg	
383	1	0	0	0	0	images/383.jpg	
398	1	0	0	0	1	images/398.jpg	
1514	0	0	0	1	0	images/1514.jpg	
1563	0	0	0	1	0	images/1563.jpg	
1551	0	0	0	1	0	images/1551.jpg	
391	1	0	0	0	0	images/391.jpg	
1856	0	0	0	0	1	images/1856.jpg	
1647	0	0	0	0	1	images/1647.jpg	
64	1	0	0	0	0	images/64.jpg	
1459	0	0	0	1	0	images/1459.jpg	
352	1	0	0	0	0	images/352.jpg	
342	1	0	0	0	0	images/342.jpg	
1273	0	0	1	1	0	images/1273.jpg	
1904	0	0	0	0	1	images/1904.jpg	
1261	0	0	1	1	0	images/1261.jpg	
1573	0	0	0	1	0	images/1573.jpg	
35	1	0	0	1	0	images/35.jpg	
1890	0	0	0	0	1	images/1890.jpg	
1485	0	0	0	1	0	images/1485.jpg	
1409	0	0	1	1	0	images/1409.jpg	
733	0	1	0	0	1	images/733.jpg	
1795	0	0	0	0	1	images/1795.jpg	
478	0	1	0	0	0	images/478.jpg	
1350	0	0	0	1	1	images/1350.jpg	
1271	0	0	1	1	0	images/1271.jpg	
1476	0	0	0	1	0	images/1476.jpg	
444	0	1	0	0	0	images/444.jpg	
1000	0	0	1	0	0	images/1000.jpg	
998	0	0	1	0	0	images/998.jpg	
313	1	0	1	0	0	images/313.jpg	
1800	0	0	0	0	1	images/1800.jpg	
599	0	1	0	0	0	images/599.jpg	
1871	0	0	0	0	1	images/1871.jpg	
1942	0	0	0	0	1	images/1942.jpg	
695	0	1	0	0	1	images/695.jpg	
1659	0	0	0	0	1	images/1659.jpg	
1193	0	0	1	0	0	images/1193.jpg	
476	0	1	0	0	0	images/476.jpg	
267	1	0	0	0	0	images/267.jpg	
1025	0	0	1	0	0	images/1025.jpg	
1641	0	0	0	0	1	images/1641.jpg	
1266	0	0	1	1	0	images/1266.jpg	
1030	0	0	1	0	0	images/1030.jpg	
674	0	1	0	0	0	images/674.jpg	
1278	0	0	1	1	1	images/1278.jpg	
1608	0	0	0	0	1	images/1608.jpg	
555	0	1	0	0	0	images/555.jpg	
1291	0	0	1	1	0	images/1291.jpg	
736	0	1	0	0	0	images/736.jpg	
68	1	0	0	0	0	images/68.jpg	
22	1	0	0	0	0	images/22.jpg	
1781	0	0	0	0	1	images/1781.jpg	
157	1	0	0	0	0	images/157.jpg	
1185	0	0	1	0	0	images/1185.jpg	
106	1	1	0	0	0	images/106.jpg	
1674	0	0	0	0	1	images/1674.jpg	
1224	0	0	0	1	0	images/1224.jpg	
475	0	1	0	0	0	images/475.jpg	
1322	0	0	0	1	0	images/1322.jpg	
1639	0	0	0	0	1	images/1639.jpg	
900	0	0	1	0	0	images/900.jpg	
657	0	1	0	0	0	images/657.jpg	
615	0	1	0	0	0	images/615.jpg	
387	1	0	0	0	0	images/387.jpg	
1399	0	0	1	1	0	images/1399.jpg	
1620	0	0	0	0	1	images/1620.jpg	
1251	0	0	1	1	0	images/1251.jpg	
845	0	0	1	0	0	images/845.jpg	
1314	0	0	0	1	0	images/1314.jpg	
1897	0	0	0	0	1	images/1897.jpg	
237	1	0	0	0	0	images/237.jpg	
1552	0	0	0	1	0	images/1552.jpg	
1584	0	0	0	1	0	images/1584.jpg	
1836	0	0	0	0	1	images/1836.jpg	
681	0	1	0	0	0	images/681.jpg	
28	1	0	0	0	1	images/28.jpg	
386	1	0	0	0	0	images/386.jpg	
704	0	1	0	0	0	images/704.jpg	
1016	0	0	1	0	0	images/1016.jpg	
1607	0	0	0	0	1	images/1607.jpg	
46	1	0	0	0	0	images/46.jpg	
945	0	0	1	0	0	images/945.jpg	
1083	0	0	1	0	0	images/1083.jpg	
700	0	1	0	0	1	images/700.jpg	
114	1	0	0	0	0	images/114.jpg	
443	0	1	0	0	0	images/443.jpg	
1143	0	0	1	0	0	images/1143.jpg	
1006	0	0	1	0	0	images/1006.jpg	
967	0	0	1	0	0	images/967.jpg	
530	0	1	0	0	0	images/530.jpg	
644	0	1	0	0	1	images/644.jpg	
771	0	1	0	0	0	images/771.jpg	
202	1	0	0	0	0	images/202.jpg	
1939	0	0	0	0	1	images/1939.jpg	
206	1	0	0	0	0	images/206.jpg	
6	1	0	0	0	0	images/6.jpg	
1776	0	0	0	0	1	images/1776.jpg	
167	1	0	0	0	0	images/167.jpg	
1588	0	0	1	1	0	images/1588.jpg	
1830	0	0	0	0	1	images/1830.jpg	
98	1	0	0	0	0	images/98.jpg	
229	1	0	0	0	0	images/229.jpg	
1735	0	0	0	0	1	images/1735.jpg	
56	1	0	0	0	0	images/56.jpg	
1997	0	0	0	0	1	images/1997.jpg	
215	1	0	0	0	0	images/215.jpg	
953	0	0	1	0	0	images/953.jpg	
710	0	1	0	0	0	images/710.jpg	
40	1	0	0	0	0	images/40.jpg	
1009	0	0	1	0	0	images/1009.jpg	
1337	0	0	0	1	1	images/1337.jpg	
1122	0	0	1	0	0	images/1122.jpg	
665	0	1	0	0	1	images/665.jpg	
1663	0	0	0	0	1	images/1663.jpg	
1895	0	1	0	0	1	images/1895.jpg	
1702	0	0	0	0	1	images/1702.jpg	
1207	0	0	0	1	0	images/1207.jpg	
1642	0	0	0	0	1	images/1642.jpg	
547	0	1	0	0	0	images/547.jpg	
506	0	1	0	0	0	images/506.jpg	
795	0	1	0	0	0	images/795.jpg	
1528	0	0	0	1	0	images/1528.jpg	
1815	0	0	0	0	1	images/1815.jpg	
1779	0	0	0	0	1	images/1779.jpg	
545	0	1	0	0	0	images/545.jpg	
1929	0	0	0	0	1	images/1929.jpg	
1881	0	0	0	0	1	images/1881.jpg	
1493	0	0	1	1	0	images/1493.jpg	
1069	0	0	1	0	0	images/1069.jpg	
45	1	0	0	0	0	images/45.jpg	
1268	0	0	1	1	0	images/1268.jpg	
603	1	1	0	0	0	images/603.jpg	
1518	0	0	0	1	0	images/1518.jpg	
857	0	0	1	0	1	images/857.jpg	
947	0	0	1	0	0	images/947.jpg	
1156	0	0	1	1	0	images/1156.jpg	
1789	0	0	0	0	1	images/1789.jpg	
1720	0	0	0	0	1	images/1720.jpg	
238	1	0	0	0	0	images/238.jpg	
1424	0	0	0	1	0	images/1424.jpg	
1955	0	0	0	0	1	images/1955.jpg	
1021	0	0	1	0	0	images/1021.jpg	
1465	0	0	0	1	0	images/1465.jpg	
1712	0	0	0	0	1	images/1712.jpg	
1491	0	0	1	1	0	images/1491.jpg	
1614	1	0	0	0	1	images/1614.jpg	
1127	0	0	1	1	0	images/1127.jpg	
1930	0	0	0	0	1	images/1930.jpg	
493	0	1	1	0	0	images/493.jpg	
1381	1	0	0	1	0	images/1381.jpg	
1533	0	0	0	1	0	images/1533.jpg	
1404	0	0	1	1	0	images/1404.jpg	
96	1	0	0	0	0	images/96.jpg	
1048	0	0	1	0	0	images/1048.jpg	
1891	0	0	0	0	1	images/1891.jpg	
1080	0	0	1	0	0	images/1080.jpg	
1828	0	0	0	0	1	images/1828.jpg	
1901	0	0	0	0	1	images/1901.jpg	
576	0	1	0	0	1	images/576.jpg	
1124	0	0	1	0	0	images/1124.jpg	
676	0	1	0	0	0	images/676.jpg	
168	1	0	0	0	0	images/168.jpg	
1018	0	0	1	0	0	images/1018.jpg	
759	0	1	0	0	0	images/759.jpg	
807	0	0	1	0	0	images/807.jpg	
1733	0	0	0	0	1	images/1733.jpg	
846	0	0	1	0	0	images/846.jpg	
1161	0	0	1	1	0	images/1161.jpg	
213	1	0	0	0	0	images/213.jpg	
550	0	1	0	0	0	images/550.jpg	
1971	0	0	0	0	1	images/1971.jpg	
181	1	0	0	0	0	images/181.jpg	
1535	0	0	0	1	0	images/1535.jpg	
18	1	0	0	0	0	images/18.jpg	
1205	0	0	1	1	0	images/1205.jpg	
1857	0	0	0	0	1	images/1857.jpg	
1256	0	0	0	1	0	images/1256.jpg	
1872	0	1	0	0	1	images/1872.jpg	
1876	0	0	0	0	1	images/1876.jpg	
1691	0	0	0	0	1	images/1691.jpg	
4	1	1	0	0	0	images/4.jpg	
1906	0	0	0	0	1	images/1906.jpg	
658	0	1	0	0	1	images/658.jpg	
1953	0	0	0	0	1	images/1953.jpg	
1340	0	0	1	1	0	images/1340.jpg	
1507	0	0	0	1	0	images/1507.jpg	
838	0	0	1	0	0	images/838.jpg	
1014	0	0	1	0	0	images/1014.jpg	
895	0	1	1	0	0	images/895.jpg	
1610	0	0	0	0	1	images/1610.jpg	
1695	0	0	0	0	1	images/1695.jpg	
1961	0	0	0	0	1	images/1961.jpg	
1152	0	0	1	0	0	images/1152.jpg	
1446	0	0	1	1	0	images/1446.jpg	
561	0	1	0	0	0	images/561.jpg	
1429	0	0	0	1	0	images/1429.jpg	
292	1	0	0	0	0	images/292.jpg	
1332	0	0	0	1	0	images/1332.jpg	
635	0	1	0	0	0	images/635.jpg	
1578	0	0	0	1	0	images/1578.jpg	
883	0	0	1	0	0	images/883.jpg	
439	0	1	1	0	0	images/439.jpg	
1451	0	0	0	1	0	images/1451.jpg	
136	1	0	0	0	0	images/136.jpg	
1480	0	0	0	1	0	images/1480.jpg	
1019	0	0	1	0	0	images/1019.jpg	
1705	0	0	0	0	1	images/1705.jpg	
1747	0	0	0	0	1	images/1747.jpg	
191	1	0	0	0	0	images/191.jpg	
1020	0	0	1	0	0	images/1020.jpg	
1968	0	0	0	0	1	images/1968.jpg	
1203	0	0	0	1	0	images/1203.jpg	
655	0	1	0	0	0	images/655.jpg	
117	1	0	0	0	0	images/117.jpg	
1297	0	0	0	1	0	images/1297.jpg	
252	1	0	0	0	0	images/252.jpg	
27	1	0	0	0	0	images/27.jpg	
1864	0	0	0	0	1	images/1864.jpg	
729	0	1	0	0	0	images/729.jpg	
1873	0	0	0	0	1	images/1873.jpg	
1065	0	0	1	0	0	images/1065.jpg	
1963	0	0	0	0	1	images/1963.jpg	
1628	0	0	0	0	1	images/1628.jpg	
1481	0	0	0	1	0	images/1481.jpg	
841	0	0	1	0	0	images/841.jpg	
951	0	0	1	0	0	images/951.jpg	
1074	0	0	1	0	0	images/1074.jpg	
1212	0	0	1	1	0	images/1212.jpg	
1732	0	0	0	0	1	images/1732.jpg	
1483	0	0	0	1	0	images/1483.jpg	
514	0	1	0	0	0	images/514.jpg	
1706	0	0	0	0	1	images/1706.jpg	
1415	0	0	1	1	0	images/1415.jpg	
409	0	1	1	0	0	images/409.jpg	
1988	0	0	0	0	1	images/1988.jpg	
1331	0	0	0	1	0	images/1331.jpg	
1668	0	0	0	0	1	images/1668.jpg	
1449	0	0	1	1	0	images/1449.jpg	
156	1	0	0	0	1	images/156.jpg	
424	0	1	0	0	0	images/424.jpg	
1408	0	0	0	1	0	images/1408.jpg	
1882	0	1	0	0	1	images/1882.jpg	
142	1	0	0	0	0	images/142.jpg	
1126	0	0	1	0	0	images/1126.jpg	
1070	0	0	1	0	0	images/1070.jpg	
591	0	1	0	0	0	images/591.jpg	
1269	0	0	1	1	0	images/1269.jpg	
210	1	0	0	0	1	images/210.jpg	
1253	0	0	1	1	0	images/1253.jpg	
1844	0	0	0	0	1	images/1844.jpg	
766	0	1	0	0	0	images/766.jpg	
577	0	1	0	0	1	images/577.jpg	
1239	0	0	0	1	0	images/1239.jpg	
1978	0	0	0	0	1	images/1978.jpg	
344	1	0	0	0	0	images/344.jpg	
1433	0	0	0	1	0	images/1433.jpg	
1356	0	0	0	1	1	images/1356.jpg	
63	1	1	0	0	0	images/63.jpg	
1397	0	0	0	1	0	images/1397.jpg	
1604	0	0	0	0	1	images/1604.jpg	
1714	0	0	0	0	1	images/1714.jpg	
1777	0	0	0	0	1	images/1777.jpg	
278	1	0	0	0	0	images/278.jpg	
428	0	1	0	0	0	images/428.jpg	
124	1	0	0	0	0	images/124.jpg	
1899	0	0	0	0	1	images/1899.jpg	
5	1	0	0	0	0	images/5.jpg	
1974	0	0	0	0	1	images/1974.jpg	
257	1	0	0	0	0	images/257.jpg	
1806	0	0	0	0	1	images/1806.jpg	
906	0	0	1	0	0	images/906.jpg	
936	0	0	1	0	0	images/936.jpg	
1265	0	0	1	1	0	images/1265.jpg	
1007	0	0	1	0	0	images/1007.jpg	
970	0	0	1	0	0	images/970.jpg	
1358	0	0	1	1	0	images/1358.jpg	
532	0	1	0	0	1	images/532.jpg	
814	0	0	1	0	0	images/814.jpg	
25	1	0	0	0	0	images/25.jpg	
1357	0	0	0	1	0	images/1357.jpg	
980	0	0	1	0	0	images/980.jpg	
917	0	0	1	0	0	images/917.jpg	
1983	0	0	0	0	1	images/1983.jpg	
666	0	1	0	0	0	images/666.jpg	
1086	0	0	1	0	0	images/1086.jpg	
1874	0	0	0	0	1	images/1874.jpg	
1704	0	0	0	0	1	images/1704.jpg	
1834	0	0	0	0	1	images/1834.jpg	
758	0	1	0	0	0	images/758.jpg	
407	0	1	0	0	0	images/407.jpg	
1166	0	0	1	0	0	images/1166.jpg	
932	0	0	1	0	0	images/932.jpg	
48	1	0	0	0	0	images/48.jpg	
1579	0	0	0	1	0	images/1579.jpg	
1500	0	0	1	1	0	images/1500.jpg	
972	0	0	1	0	0	images/972.jpg	
1768	0	0	0	0	1	images/1768.jpg	
1719	0	0	0	0	1	images/1719.jpg	
1863	0	0	0	0	1	images/1863.jpg	
1731	0	0	0	0	1	images/1731.jpg	
1809	0	0	0	0	1	images/1809.jpg	
725	0	1	0	0	0	images/725.jpg	
1218	0	1	0	1	0	images/1218.jpg	
411	0	1	1	0	0	images/411.jpg	
1594	0	0	0	1	0	images/1594.jpg	
1364	0	0	0	1	1	images/1364.jpg	
1348	0	0	0	1	0	images/1348.jpg	
1618	0	0	0	0	1	images/1618.jpg	
1793	0	0	0	0	1	images/1793.jpg	
1099	0	0	1	0	0	images/1099.jpg	
608	0	1	0	0	0	images/608.jpg	
323	1	0	0	0	0	images/323.jpg	
8	1	0	0	0	0	images/8.jpg	
375	1	0	0	0	0	images/375.jpg	
277	1	0	0	0	0	images/277.jpg	
288	1	0	0	0	0	images/288.jpg	
1442	0	0	0	1	0	images/1442.jpg	
875	0	0	1	0	0	images/875.jpg	
609	0	1	0	0	0	images/609.jpg	
118	1	0	0	0	0	images/118.jpg	
553	0	1	0	0	0	images/553.jpg	
1198	0	0	1	0	0	images/1198.jpg	
161	1	0	0	0	1	images/161.jpg	
1760	0	0	0	0	1	images/1760.jpg	
1109	0	0	1	1	0	images/1109.jpg	
51	1	0	0	0	0	images/51.jpg	
647	0	1	0	0	1	images/647.jpg	
840	0	0	1	0	0	images/840.jpg	
1737	0	0	0	0	1	images/1737.jpg	
1453	0	0	1	1	0	images/1453.jpg	
1560	0	0	0	1	0	images/1560.jpg	
1191	0	0	1	0	0	images/1191.jpg	
1846	0	0	0	0	1	images/1846.jpg	
1658	0	0	0	0	1	images/1658.jpg	
1032	0	0	1	0	0	images/1032.jpg	
214	1	0	0	0	0	images/214.jpg	
184	1	0	0	0	0	images/184.jpg	
205	1	0	0	0	0	images/205.jpg	
539	0	1	0	0	0	images/539.jpg	
120	1	1	0	1	0	images/120.jpg	
473	0	1	0	0	0	images/473.jpg	
283	1	0	0	0	0	images/283.jpg	
531	0	1	0	0	0	images/531.jpg	
1363	0	0	0	1	0	images/1363.jpg	
1954	0	0	0	0	1	images/1954.jpg	
642	0	1	0	0	1	images/642.jpg	
262	1	0	0	0	0	images/262.jpg	
715	0	1	0	0	0	images/715.jpg	
55	1	0	0	0	0	images/55.jpg	
930	0	0	1	0	0	images/930.jpg	
1353	0	0	0	1	0	images/1353.jpg	
507	0	1	0	0	0	images/507.jpg	
1811	0	0	0	0	1	images/1811.jpg	
503	0	1	1	0	0	images/503.jpg	
1975	0	0	0	0	1	images/1975.jpg	
62	1	0	0	0	0	images/62.jpg	
1692	0	0	0	0	1	images/1692.jpg	
1718	0	0	0	0	1	images/1718.jpg	
1661	0	0	0	0	1	images/1661.jpg	
1977	0	0	0	0	1	images/1977.jpg	
567	0	1	0	0	0	images/567.jpg	
186	1	0	0	0	0	images/186.jpg	
1321	0	0	1	1	0	images/1321.jpg	
682	0	1	0	0	0	images/682.jpg	
321	1	0	0	0	0	images/321.jpg	
1118	0	0	1	1	0	images/1118.jpg	
768	0	1	0	0	0	images/768.jpg	
801	0	0	1	0	0	images/801.jpg	
1816	0	0	0	0	1	images/1816.jpg	
306	1	0	0	0	0	images/306.jpg	
1666	0	0	0	0	1	images/1666.jpg	
1431	0	1	0	1	0	images/1431.jpg	
651	0	1	0	0	1	images/651.jpg	
1506	0	0	0	1	0	images/1506.jpg	
101	1	0	0	0	0	images/101.jpg	
1164	0	0	1	0	0	images/1164.jpg	
1120	0	0	1	0	0	images/1120.jpg	
380	1	0	0	0	0	images/380.jpg	
497	0	1	1	0	0	images/497.jpg	
290	1	0	0	1	0	images/290.jpg	
698	0	1	0	0	0	images/698.jpg	
1184	0	0	1	1	0	images/1184.jpg	
1949	0	0	0	0	1	images/1949.jpg	
436	0	1	1	0	0	images/436.jpg	
1938	0	0	0	0	1	images/1938.jpg	
282	1	0	0	0	0	images/282.jpg	
625	0	1	1	0	1	images/625.jpg	
435	0	1	0	0	0	images/435.jpg	
1854	0	0	0	0	1	images/1854.jpg	
1771	0	0	0	0	1	images/1771.jpg	
907	0	0	1	0	0	images/907.jpg	
944	0	0	1	0	0	images/944.jpg	
1960	0	0	0	0	1	images/1960.jpg	
1004	0	0	1	0	0	images/1004.jpg	
960	0	0	1	0	0	images/960.jpg	
69	1	0	0	0	0	images/69.jpg	
1585	0	0	0	1	0	images/1585.jpg	
1689	0	0	0	0	1	images/1689.jpg	
690	0	1	0	0	1	images/690.jpg	
1063	0	0	1	0	0	images/1063.jpg	
260	1	0	0	0	0	images/260.jpg	
1427	0	1	0	1	0	images/1427.jpg	
1398	0	0	0	1	0	images/1398.jpg	
935	0	0	1	0	0	images/935.jpg	
295	1	0	0	0	0	images/295.jpg	
258	1	0	0	0	0	images/258.jpg	
722	0	1	0	0	0	images/722.jpg	
236	1	0	0	0	0	images/236.jpg	
1734	0	0	0	0	1	images/1734.jpg	
1047	0	0	1	0	0	images/1047.jpg	
1186	0	0	1	0	0	images/1186.jpg	
1102	0	0	1	0	0	images/1102.jpg	
390	1	0	0	0	0	images/390.jpg	
66	1	0	0	0	0	images/66.jpg	
370	1	0	0	0	0	images/370.jpg	
673	0	1	0	0	0	images/673.jpg	
1168	0	0	1	1	0	images/1168.jpg	
300	1	0	0	0	0	images/300.jpg	
362	1	0	0	0	0	images/362.jpg	
554	0	1	0	0	0	images/554.jpg	
1877	0	0	0	0	1	images/1877.jpg	
1072	0	0	1	0	0	images/1072.jpg	
620	0	1	1	0	1	images/620.jpg	
307	1	0	0	0	0	images/307.jpg	
441	0	1	0	0	0	images/441.jpg	
112	1	0	0	0	0	images/112.jpg	
1763	0	0	0	0	1	images/1763.jpg	
163	1	1	0	0	0	images/163.jpg	
1367	0	0	0	1	0	images/1367.jpg	
755	0	1	0	0	0	images/755.jpg	
1770	0	0	0	0	1	images/1770.jpg	
1240	0	0	1	1	0	images/1240.jpg	
1098	0	0	1	0	0	images/1098.jpg	
1287	0	0	1	1	0	images/1287.jpg	
455	0	1	0	0	0	images/455.jpg	
1414	0	0	0	1	0	images/1414.jpg	
746	0	1	0	0	0	images/746.jpg	
770	0	1	0	0	0	images/770.jpg	
760	0	1	0	0	0	images/760.jpg	
786	0	1	0	0	0	images/786.jpg	
1305	1	0	0	1	1	images/1305.jpg	
416	0	1	0	0	0	images/416.jpg	
166	1	0	0	0	0	images/166.jpg	
1986	0	0	0	0	1	images/1986.jpg	
2	1	0	0	0	0	images/2.jpg	
1333	0	0	1	1	0	images/1333.jpg	
1329	0	0	1	1	0	images/1329.jpg	
1027	0	0	1	0	0	images/1027.jpg	
927	0	0	1	0	1	images/927.jpg	
986	0	0	1	0	0	images/986.jpg	
1384	0	0	0	1	1	images/1384.jpg	
21	1	0	0	0	1	images/21.jpg	
1979	0	0	0	0	1	images/1979.jpg	
356	1	0	0	0	0	images/356.jpg	
961	0	0	1	0	0	images/961.jpg	
1748	0	0	0	0	1	images/1748.jpg	
374	1	0	0	0	0	images/374.jpg	
1488	0	0	0	1	0	images/1488.jpg	
1927	0	0	0	0	1	images/1927.jpg	
1283	0	0	0	1	0	images/1283.jpg	
1470	0	0	1	1	0	images/1470.jpg	
1151	0	0	1	0	0	images/1151.jpg	
1200	0	0	1	0	0	images/1200.jpg	
711	0	1	0	0	0	images/711.jpg	
889	0	0	1	0	0	images/889.jpg	
273	1	0	0	0	0	images/273.jpg	
1346	0	0	0	1	1	images/1346.jpg	
272	1	0	0	0	0	images/272.jpg	
1676	0	0	0	0	1	images/1676.jpg	
1228	0	0	0	1	1	images/1228.jpg	
548	0	1	0	0	0	images/548.jpg	
1463	0	0	1	1	0	images/1463.jpg	
1784	0	0	0	0	1	images/1784.jpg	
1726	0	0	0	0	1	images/1726.jpg	
1450	0	0	1	1	0	images/1450.jpg	
225	1	0	0	0	0	images/225.jpg	
1605	0	0	0	0	1	images/1605.jpg	
1984	0	0	0	0	1	images/1984.jpg	
1553	0	0	1	1	0	images/1553.jpg	
345	1	0	0	0	0	images/345.jpg	
1524	0	0	0	1	0	images/1524.jpg	
1549	0	0	0	1	0	images/1549.jpg	
19	1	0	0	0	0	images/19.jpg	
533	0	1	0	0	0	images/533.jpg	
1389	0	0	0	1	0	images/1389.jpg	
1315	0	0	0	1	0	images/1315.jpg	
685	0	1	0	0	1	images/685.jpg	
557	0	1	0	0	0	images/557.jpg	
415	0	1	0	0	0	images/415.jpg	
549	0	1	0	0	0	images/549.jpg	
1229	0	0	1	1	0	images/1229.jpg	
76	1	0	0	0	0	images/76.jpg	
1883	0	0	0	0	1	images/1883.jpg	
1911	0	1	0	0	1	images/1911.jpg	
1909	0	0	0	0	1	images/1909.jpg	
1087	0	0	1	0	1	images/1087.jpg	
1797	0	0	0	0	1	images/1797.jpg	
425	0	1	0	0	0	images/425.jpg	
913	0	0	1	0	0	images/913.jpg	
466	0	1	0	0	0	images/466.jpg	
1509	0	0	0	1	1	images/1509.jpg	
226	1	0	0	0	1	images/226.jpg	
357	1	0	0	0	0	images/357.jpg	
147	1	0	0	0	0	images/147.jpg	
1149	0	0	1	0	0	images/1149.jpg	
280	1	0	0	0	0	images/280.jpg	
270	1	0	0	0	0	images/270.jpg	
621	0	1	1	0	0	images/621.jpg	
1276	0	0	1	1	0	images/1276.jpg	
434	0	1	0	0	0	images/434.jpg	
1206	0	0	0	1	0	images/1206.jpg	
339	1	0	0	0	0	images/339.jpg	
1505	0	0	0	1	0	images/1505.jpg	
421	0	1	0	0	0	images/421.jpg	
1900	0	0	0	0	1	images/1900.jpg	
1531	0	0	0	1	0	images/1531.jpg	
361	1	0	0	0	0	images/361.jpg	
235	1	0	0	0	0	images/235.jpg	
858	0	0	1	0	0	images/858.jpg	
1569	0	0	0	1	0	images/1569.jpg	
1317	0	0	1	1	0	images/1317.jpg	
1540	0	0	0	1	0	images/1540.jpg	
988	0	0	1	0	0	images/988.jpg	
312	1	0	1	0	0	images/312.jpg	
604	1	1	0	0	0	images/604.jpg	
319	1	0	0	0	0	images/319.jpg	
397	1	0	0	1	0	images/397.jpg	
50	1	0	0	1	0	images/50.jpg	
1167	0	0	1	1	0	images/1167.jpg	
1377	0	0	0	1	0	images/1377.jpg	
296	1	0	0	0	0	images/296.jpg	
393	1	0	0	1	0	images/393.jpg	
334	1	0	0	1	0	images/334.jpg	
451	0	1	0	0	0	images/451.jpg	
1665	0	1	0	0	1	images/1665.jpg	
201	1	0	0	0	0	images/201.jpg	
812	0	0	1	0	0	images/812.jpg	
709	0	1	0	0	0	images/709.jpg	
1671	0	0	0	0	1	images/1671.jpg	
449	0	1	1	0	0	images/449.jpg	
919	0	0	1	1	0	images/919.jpg	
822	0	0	1	0	0	images/822.jpg	
1100	0	0	1	0	0	images/1100.jpg	
246	1	0	0	0	0	images/246.jpg	
364	1	0	0	0	0	images/364.jpg	
1323	0	0	0	1	0	images/1323.jpg	
933	0	0	1	0	1	images/933.jpg	
297	1	0	0	0	0	images/297.jpg	
327	1	0	0	0	0	images/327.jpg	
1504	0	0	0	1	0	images/1504.jpg	
83	1	0	0	0	0	images/83.jpg	
1116	0	0	1	1	0	images/1116.jpg	
1635	0	0	0	0	1	images/1635.jpg	
974	0	0	1	0	0	images/974.jpg	
488	0	1	0	0	0	images/488.jpg	
1250	0	0	1	1	0	images/1250.jpg	
349	1	0	0	0	0	images/349.jpg	
962	0	0	1	0	0	images/962.jpg	
1632	0	0	0	0	1	images/1632.jpg	
388	1	0	0	0	0	images/388.jpg	
1387	0	0	0	1	0	images/1387.jpg	
490	0	1	0	0	0	images/490.jpg	
893	0	1	1	0	0	images/893.jpg	
1248	0	0	1	1	0	images/1248.jpg	
1973	0	0	0	0	1	images/1973.jpg	
1469	0	0	0	1	0	images/1469.jpg	
793	0	1	0	0	1	images/793.jpg	
888	0	0	1	0	0	images/888.jpg	
730	0	1	0	0	0	images/730.jpg	
1423	0	0	0	1	0	images/1423.jpg	
1598	0	0	1	1	0	images/1598.jpg	
1150	0	0	1	0	0	images/1150.jpg	
751	0	1	0	0	0	images/751.jpg	
1593	0	0	0	1	0	images/1593.jpg	
193	1	0	0	0	0	images/193.jpg	
1623	0	0	0	0	1	images/1623.jpg	
94	1	0	0	0	0	images/94.jpg	
1094	0	0	1	1	0	images/1094.jpg	
305	1	0	0	0	0	images/305.jpg	
884	0	0	1	0	0	images/884.jpg	
790	0	1	0	0	1	images/790.jpg	
431	0	1	0	0	0	images/431.jpg	
872	0	0	1	0	0	images/872.jpg	
233	1	0	0	0	0	images/233.jpg	
1648	0	0	0	0	1	images/1648.jpg	
678	0	1	0	0	0	images/678.jpg	
614	0	1	0	0	1	images/614.jpg	
1742	0	0	0	0	1	images/1742.jpg	
487	0	1	0	0	0	images/487.jpg	
738	0	1	0	0	0	images/738.jpg	
1637	0	0	0	0	1	images/1637.jpg	
1029	0	0	1	0	0	images/1029.jpg	
158	1	0	0	0	0	images/158.jpg	
1242	0	0	0	1	1	images/1242.jpg	
1421	0	0	1	1	0	images/1421.jpg	
1894	0	1	0	0	1	images/1894.jpg	
1304	0	0	0	1	0	images/1304.jpg	
1172	0	0	1	1	0	images/1172.jpg	
355	1	0	0	0	0	images/355.jpg	
761	0	1	0	0	0	images/761.jpg	
332	1	0	0	0	0	images/332.jpg	
211	1	0	0	0	0	images/211.jpg	
1215	0	0	1	1	0	images/1215.jpg	
33	1	0	0	0	0	images/33.jpg	
804	0	0	1	0	0	images/804.jpg	
463	0	1	0	0	0	images/463.jpg	
745	0	1	0	0	0	images/745.jpg	
1467	0	0	0	1	0	images/1467.jpg	
617	0	1	0	0	1	images/617.jpg	
656	0	1	0	0	0	images/656.jpg	
587	0	1	0	0	0	images/587.jpg	
1672	0	0	0	0	1	images/1672.jpg	
37	1	0	0	0	0	images/37.jpg	
769	0	1	0	0	0	images/769.jpg	
389	1	0	0	0	0	images/389.jpg	
1567	0	0	0	1	0	images/1567.jpg	
1490	0	0	0	1	0	images/1490.jpg	
1472	0	0	1	1	0	images/1472.jpg	
1765	0	0	0	0	1	images/1765.jpg	
479	0	1	0	0	0	images/479.jpg	
1818	0	0	0	0	1	images/1818.jpg	
1284	0	0	1	1	0	images/1284.jpg	
454	0	1	0	0	0	images/454.jpg	
495	0	1	0	0	0	images/495.jpg	
1309	0	0	1	1	0	images/1309.jpg	
1169	0	0	1	1	0	images/1169.jpg	
1477	0	0	0	1	0	images/1477.jpg	
1626	0	0	0	0	1	images/1626.jpg	
1376	0	0	0	1	0	images/1376.jpg	
598	0	1	0	0	0	images/598.jpg	
1170	0	0	1	0	0	images/1170.jpg	
633	0	1	0	0	1	images/633.jpg	
1622	0	0	0	0	1	images/1622.jpg	
115	1	0	0	0	0	images/115.jpg	
876	0	0	1	1	0	images/876.jpg	
749	0	1	0	0	0	images/749.jpg	
331	1	0	0	0	0	images/331.jpg	
198	1	0	0	0	1	images/198.jpg	
798	0	1	1	0	0	images/798.jpg	
1375	0	0	1	1	0	images/1375.jpg	
693	0	1	0	0	1	images/693.jpg	
1361	0	0	0	1	1	images/1361.jpg	
860	0	1	1	0	0	images/860.jpg	
1645	0	0	0	0	1	images/1645.jpg	
89	1	0	0	0	0	images/89.jpg	
1727	0	0	0	0	1	images/1727.jpg	
834	0	0	1	0	0	images/834.jpg	
1583	0	0	0	1	0	images/1583.jpg	
42	1	0	0	0	0	images/42.jpg	
1946	0	0	0	0	1	images/1946.jpg	
680	0	1	0	0	1	images/680.jpg	
53	1	0	0	1	0	images/53.jpg	
602	0	1	1	0	0	images/602.jpg	
1710	0	0	0	0	1	images/1710.jpg	
821	0	0	1	0	0	images/821.jpg	
1615	0	0	0	0	1	images/1615.jpg	
1295	0	0	0	1	0	images/1295.jpg	
251	1	0	0	0	0	images/251.jpg	
1527	0	0	0	1	0	images/1527.jpg	
894	0	1	1	0	0	images/894.jpg	
1298	0	0	0	1	0	images/1298.jpg	
309	1	0	0	0	0	images/309.jpg	
1445	0	0	0	1	0	images/1445.jpg	
1685	0	0	0	0	1	images/1685.jpg	
707	0	1	0	0	1	images/707.jpg	
965	0	0	1	0	0	images/965.jpg	
1129	0	0	1	0	0	images/1129.jpg	
1320	0	0	1	1	0	images/1320.jpg	
1245	0	0	1	1	0	images/1245.jpg	
1711	0	0	0	0	1	images/1711.jpg	
1147	0	0	1	0	0	images/1147.jpg	
1817	0	0	0	0	1	images/1817.jpg	
976	0	0	1	0	0	images/976.jpg	
1303	0	0	0	1	0	images/1303.jpg	
607	0	1	0	0	0	images/607.jpg	
997	0	0	1	0	0	images/997.jpg	
310	1	0	0	0	0	images/310.jpg	
595	0	1	0	0	0	images/595.jpg	
1662	0	0	1	0	1	images/1662.jpg	
1246	0	0	0	1	0	images/1246.jpg	
515	0	1	0	0	0	images/515.jpg	
720	0	1	0	0	0	images/720.jpg	
1670	0	0	0	0	1	images/1670.jpg	
1140	0	0	1	0	1	images/1140.jpg	
1011	0	0	1	0	0	images/1011.jpg	
1071	0	0	1	0	0	images/1071.jpg	
1803	0	0	0	0	1	images/1803.jpg	
582	0	1	0	0	0	images/582.jpg	
231	1	0	0	0	0	images/231.jpg	
1966	0	0	0	0	1	images/1966.jpg	
241	1	0	0	0	0	images/241.jpg	
1204	0	0	0	1	0	images/1204.jpg	
1456	0	0	1	1	0	images/1456.jpg	
1707	0	0	0	0	1	images/1707.jpg	
1601	0	0	0	0	1	images/1601.jpg	
1053	0	0	1	0	0	images/1053.jpg	
447	0	1	0	0	0	images/447.jpg	
1683	0	0	0	0	1	images/1683.jpg	
289	1	0	0	1	0	images/289.jpg	
1015	0	0	1	0	0	images/1015.jpg	
197	1	0	0	0	0	images/197.jpg	
1959	0	0	0	0	1	images/1959.jpg	
765	0	1	0	0	1	images/765.jpg	
1841	0	0	0	0	1	images/1841.jpg	
1236	0	0	1	1	0	images/1236.jpg	
1572	0	0	0	1	0	images/1572.jpg	
1262	0	1	0	1	0	images/1262.jpg	
1426	0	1	0	1	0	images/1426.jpg	
1179	0	0	1	1	0	images/1179.jpg	
335	1	0	0	0	0	images/335.jpg	
1673	0	0	0	0	1	images/1673.jpg	
773	0	1	0	0	0	images/773.jpg	
1892	0	1	0	0	1	images/1892.jpg	
217	1	0	0	0	0	images/217.jpg	
458	0	1	0	0	0	images/458.jpg	
890	0	0	1	0	0	images/890.jpg	
1049	0	0	1	0	0	images/1049.jpg	
1160	0	0	1	1	0	images/1160.jpg	
1855	0	0	0	0	1	images/1855.jpg	
1211	0	0	0	1	0	images/1211.jpg	
1910	0	0	0	0	1	images/1910.jpg	
31	1	0	0	0	0	images/31.jpg	
1225	0	0	0	1	1	images/1225.jpg	
1272	0	0	1	1	0	images/1272.jpg	
1545	0	0	0	1	0	images/1545.jpg	
1125	0	0	1	0	0	images/1125.jpg	
179	1	0	0	0	0	images/179.jpg	
137	1	0	0	0	0	images/137.jpg	
566	0	1	0	0	1	images/566.jpg	
897	0	0	1	0	0	images/897.jpg	
1819	0	0	0	0	1	images/1819.jpg	
482	0	1	0	0	1	images/482.jpg	
1544	0	0	0	1	0	images/1544.jpg	
1073	0	0	1	0	0	images/1073.jpg	
1717	0	0	0	0	1	images/1717.jpg	
472	0	1	0	0	0	images/472.jpg	
1723	0	0	0	0	1	images/1723.jpg	
844	0	0	1	0	0	images/844.jpg	
794	0	1	0	0	0	images/794.jpg	
1886	0	0	0	0	1	images/1886.jpg	
1217	0	0	1	1	0	images/1217.jpg	
1749	0	0	0	0	1	images/1749.jpg	
774	0	1	0	0	0	images/774.jpg	
1636	0	0	0	0	1	images/1636.jpg	
1750	0	0	0	0	1	images/1750.jpg	
740	0	1	0	0	1	images/740.jpg	
404	0	1	0	0	0	images/404.jpg	
1918	0	0	0	0	1	images/1918.jpg	
254	1	0	0	0	0	images/254.jpg	
1807	0	0	0	0	1	images/1807.jpg	
1162	0	0	1	1	0	images/1162.jpg	
993	0	0	1	0	0	images/993.jpg	
703	0	1	0	0	0	images/703.jpg	
1508	0	0	0	1	0	images/1508.jpg	
1839	0	0	0	0	1	images/1839.jpg	
1657	0	0	0	0	1	images/1657.jpg	
791	0	1	1	0	0	images/791.jpg	
544	0	1	0	0	0	images/544.jpg	
754	0	1	0	0	0	images/754.jpg	
1113	0	0	1	0	0	images/1113.jpg	
426	0	1	1	0	0	images/426.jpg	
1042	0	0	1	0	0	images/1042.jpg	
1260	0	0	1	1	0	images/1260.jpg	
661	0	1	0	0	0	images/661.jpg	
1515	0	0	0	1	0	images/1515.jpg	
298	1	0	0	0	0	images/298.jpg	
461	0	1	0	0	0	images/461.jpg	
1425	0	0	0	1	0	images/1425.jpg	
457	0	1	1	0	0	images/457.jpg	
91	1	0	0	0	0	images/91.jpg	
1259	0	0	0	1	0	images/1259.jpg	
1934	0	1	0	0	1	images/1934.jpg	
135	1	0	0	0	0	images/135.jpg	
606	0	1	0	0	0	images/606.jpg	
57	1	0	0	0	1	images/57.jpg	
1936	0	0	0	0	1	images/1936.jpg	
204	1	0	0	0	0	images/204.jpg	
1786	0	0	0	0	1	images/1786.jpg	
1101	0	0	1	0	0	images/1101.jpg	
419	0	1	0	0	0	images/419.jpg	
1077	0	0	1	0	0	images/1077.jpg	
1913	0	1	0	0	1	images/1913.jpg	
1798	0	0	0	0	1	images/1798.jpg	
1517	0	0	0	1	0	images/1517.jpg	
684	0	1	0	0	0	images/684.jpg	
1302	0	0	1	1	0	images/1302.jpg	
413	0	1	0	0	0	images/413.jpg	
667	0	1	0	0	0	images/667.jpg	
1520	0	0	1	1	0	images/1520.jpg	
192	1	0	0	0	0	images/192.jpg	
125	1	0	0	0	0	images/125.jpg	
